<?xml version="1.0" encoding="UTF-8"?>
<testsuite xmlns:xsi="http://www.w3.org/2001/XMLSchema-instance" xsi:noNamespaceSchemaLocation="https://maven.apache.org/surefire/maven-surefire-plugin/xsd/surefire-test-report-3.0.xsd" version="3.0" name="com.hb.cda.repository.DogRepositoryImplTest" time="4.263" tests="9" errors="0" skipped="0" failures="0">
  <properties>
[...]
</properties>
  <testcase name="findByIDShouldReturnEmptyOptionnalIfNoDogMatch" classname="com.hb.cda.repository.DogRepositoryImplTest" time="3.717">
    <system-out><![CDATA[Hibernate: drop table if exists Address cascade 
Hibernate: drop table if exists Dog cascade 
Hibernate: drop table if exists Dog_Person cascade 
Hibernate: drop table if exists Person cascade 
Hibernate: drop table if exists Person_Dog cascade 
Hibernate: create table Address (id integer generated by default as identity, owner_id integer, city varchar(255), street varchar(255), primary key (id))
Hibernate: create table Dog (age integer, id integer generated by default as identity, breed varchar(255), name varchar(255), primary key (id))
Hibernate: create table Dog_Person (Dog_id integer not null, persons_id integer not null)
Hibernate: create table Person (id integer generated by default as identity, name varchar(255), primary key (id))
Hibernate: create table Person_Dog (Person_id integer not null, dogs_id integer not null)
Hibernate: alter table if exists Address add constraint FKn1nloj0aik035bt0pcgn4gcod foreign key (owner_id) references Person
Hibernate: alter table if exists Dog_Person add constraint FK13ub5jp5fsg529cl5letvy29s foreign key (persons_id) references Person
Hibernate: alter table if exists Dog_Person add constraint FK7ojb8wki4kdv7hlcbi484igfk foreign key (Dog_id) references Dog
Hibernate: alter table if exists Person_Dog add constraint FKqe38sil4sdn958cxdgb216726 foreign key (dogs_id) references Dog
Hibernate: alter table if exists Person_Dog add constraint FKo3fhixpyg1s90o44b0yfkhawd foreign key (Person_id) references Person
Hibernate: insert into Dog (age,breed,name,id) values (?,?,?,default)
Hibernate: insert into Dog (age,breed,name,id) values (?,?,?,default)
]]></system-out>
    <system-err><![CDATA[juin 25, 2025 11:45:21 AM org.hibernate.jpa.boot.spi.PersistenceXmlParser parsePersistenceXml
WARN: HHH015018: Encountered multiple persistence-unit stanzas defining same name [main]; persistence-unit names must be unique
juin 25, 2025 11:45:21 AM org.hibernate.jpa.internal.util.LogHelper logPersistenceUnitInformation
INFO: HHH000204: Processing PersistenceUnitInfo [name: main]
juin 25, 2025 11:45:21 AM org.hibernate.Version logVersion
INFO: HHH000412: Hibernate ORM core version 7.0.2.Final
juin 25, 2025 11:45:22 AM org.hibernate.engine.jdbc.connections.internal.DriverManagerConnectionProviderImpl configure
WARN: HHH10001002: Using built-in connection pool (not intended for production use)
juin 25, 2025 11:45:22 AM org.hibernate.engine.jdbc.env.internal.JdbcEnvironmentInitiator logConnectionInfo
INFO: HHH10001005: Database info:
	Database JDBC URL [jdbc:h2:mem:lool]
	Database driver: org.h2.Driver
	Database version: 2.3.232
	Autocommit mode: false
	Isolation level: undefined/unknown
	Pool: DriverManagerConnectionProviderImpl
	Minimum pool size: 1
	Maximum pool size: 20
juin 25, 2025 11:45:24 AM org.hibernate.engine.transaction.jta.platform.internal.JtaPlatformInitiator initiateService
INFO: HHH000489: No JTA platform available (set 'hibernate.transaction.jta.platform' to enable JTA platform integration)
juin 25, 2025 11:45:24 AM org.hibernate.resource.transaction.backend.jdbc.internal.DdlTransactionIsolatorNonJtaImpl getIsolatedConnection
INFO: HHH10001501: Connection obtained from JdbcConnectionAccess [org.hibernate.engine.jdbc.env.internal.JdbcEnvironmentInitiator$ConnectionProviderJdbcConnectionAccess@48e74764] for (non-JTA) DDL execution was not in auto-commit mode; the Connection 'local transaction' will be committed and the Connection will be set into auto-commit mode.
juin 25, 2025 11:45:24 AM org.hibernate.resource.transaction.backend.jdbc.internal.DdlTransactionIsolatorNonJtaImpl getIsolatedConnection
INFO: HHH10001501: Connection obtained from JdbcConnectionAccess [org.hibernate.engine.jdbc.env.internal.JdbcEnvironmentInitiator$ConnectionProviderJdbcConnectionAccess@11bdab37] for (non-JTA) DDL execution was not in auto-commit mode; the Connection 'local transaction' will be committed and the Connection will be set into auto-commit mode.
]]></system-err>
  </testcase>
  <testcase name="findByIDShouldReturnOneDog" classname="com.hb.cda.repository.DogRepositoryImplTest" time="0.005">
    <system-out><![CDATA[Hibernate: insert into Dog (age,breed,name,id) values (?,?,?,default)
Hibernate: insert into Dog (age,breed,name,id) values (?,?,?,default)
]]></system-out>
  </testcase>
  <testcase name="deleteShouldDoNothingIfDogDontExist" classname="com.hb.cda.repository.DogRepositoryImplTest" time="0.004">
    <system-out><![CDATA[Hibernate: insert into Dog (age,breed,name,id) values (?,?,?,default)
Hibernate: insert into Dog (age,breed,name,id) values (?,?,?,default)
]]></system-out>
  </testcase>
  <testcase name="updateShouldUpdateDogOnDatabase" classname="com.hb.cda.repository.DogRepositoryImplTest" time="0.005">
    <system-out><![CDATA[Hibernate: insert into Dog (age,breed,name,id) values (?,?,?,default)
Hibernate: insert into Dog (age,breed,name,id) values (?,?,?,default)
]]></system-out>
  </testcase>
  <testcase name="shouldFindAllDogs" classname="com.hb.cda.repository.DogRepositoryImplTest" time="0.463">
    <system-out><![CDATA[Hibernate: insert into Dog (age,breed,name,id) values (?,?,?,default)
Hibernate: insert into Dog (age,breed,name,id) values (?,?,?,default)
Hibernate: select d1_0.id,d1_0.age,d1_0.breed,d1_0.name from Dog d1_0
]]></system-out>
  </testcase>
  <testcase name="persistShouldAddDogInDatabase" classname="com.hb.cda.repository.DogRepositoryImplTest" time="0.006">
    <system-out><![CDATA[Hibernate: insert into Dog (age,breed,name,id) values (?,?,?,default)
Hibernate: insert into Dog (age,breed,name,id) values (?,?,?,default)
]]></system-out>
  </testcase>
  <testcase name="shouldFindAllDogsBis" classname="com.hb.cda.repository.DogRepositoryImplTest" time="0.011">
    <system-out><![CDATA[Hibernate: insert into Dog (age,breed,name,id) values (?,?,?,default)
Hibernate: insert into Dog (age,breed,name,id) values (?,?,?,default)
Hibernate: select d1_0.id,d1_0.age,d1_0.breed,d1_0.name from Dog d1_0
]]></system-out>
  </testcase>
  <testcase name="shouldPassAssertion" classname="com.hb.cda.repository.DogRepositoryImplTest" time="0.005">
    <system-out><![CDATA[Hibernate: insert into Dog (age,breed,name,id) values (?,?,?,default)
Hibernate: insert into Dog (age,breed,name,id) values (?,?,?,default)
]]></system-out>
  </testcase>
  <testcase name="deleteShouldRemoveDogFromDatabase" classname="com.hb.cda.repository.DogRepositoryImplTest" time="0.003">
    <system-out><![CDATA[Hibernate: insert into Dog (age,breed,name,id) values (?,?,?,default)
Hibernate: insert into Dog (age,breed,name,id) values (?,?,?,default)
]]></system-out>
  </testcase>
</testsuite>